<?xml version="1.0" encoding="UTF-8"?>
<coverage generated="1771175570164" clover="3.2.0">
  <project timestamp="1771175570164" name="All files">
    <metrics statements="6" coveredstatements="6" conditionals="4" coveredconditionals="4" methods="3" coveredmethods="3" elements="13" coveredelements="13" complexity="0" loc="6" ncloc="6" packages="1" files="2" classes="2"/>
    <file name="healthIndicator.js" path="C:\Users\79372\health-status\src\healthIndicator.js">
      <metrics statements="5" coveredstatements="5" conditionals="4" coveredconditionals="4" methods="1" coveredmethods="1"/>
      <line num="2" count="6" type="cond" truecount="2" falsecount="0"/>
      <line num="3" count="1" type="stmt"/>
      <line num="4" count="5" type="cond" truecount="2" falsecount="0"/>
      <line num="5" count="3" type="stmt"/>
      <line num="7" count="2" type="stmt"/>
    </file>
    <file name="sortHeroes.js" path="C:\Users\79372\health-status\src\sortHeroes.js">
      <metrics statements="1" coveredstatements="1" conditionals="0" coveredconditionals="0" methods="2" coveredmethods="2"/>
      <line num="2" count="5" type="stmt"/>
    </file>
  </project>
</coverage>
