{"C:\\Users\\79372\\health-status\\src\\healthIndicator.js": {"path":"C:\\Users\\79372\\health-status\\src\\healthIndicator.js","statementMap":{"0":{"start":{"line":2,"column":2},"end":{"line":6,"column":3}},"1":{"start":{"line":3,"column":4},"end":{"line":3,"column":21}},"2":{"start":{"line":4,"column":9},"end":{"line":6,"column":3}},"3":{"start":{"line":5,"column":4},"end":{"line":5,"column":21}},"4":{"start":{"line":7,"column":2},"end":{"line":7,"column":20}}},"fnMap":{"0":{"name":"getHealthStatus","decl":{"start":{"line":1,"column":16},"end":{"line":1,"column":31}},"loc":{"start":{"line":1,"column":43},"end":{"line":8,"column":1}},"line":1}},"branchMap":{"0":{"loc":{"start":{"line":2,"column":2},"end":{"line":6,"column":3}},"type":"if","locations":[{"start":{"line":2,"column":2},"end":{"line":6,"column":3}},{"start":{"line":4,"column":9},"end":{"line":6,"column":3}}],"line":2},"1":{"loc":{"start":{"line":4,"column":9},"end":{"line":6,"column":3}},"type":"if","locations":[{"start":{"line":4,"column":9},"end":{"line":6,"column":3}},{"start":{},"end":{}}],"line":4}},"s":{"0":6,"1":1,"2":5,"3":3,"4":2},"f":{"0":6},"b":{"0":[1,5],"1":[3,2]},"_coverageSchema":"1a1c01bbd47fc00a2c39e90264f33305004495a9","hash":"82c9c739ee863e7038e8da502787cf60f6732832"}
,"C:\\Users\\79372\\health-status\\src\\sortHeroes.js": {"path":"C:\\Users\\79372\\health-status\\src\\sortHeroes.js","statementMap":{"0":{"start":{"line":2,"column":2},"end":{"line":2,"column":57}},"1":{"start":{"line":2,"column":36},"end":{"line":2,"column":55}}},"fnMap":{"0":{"name":"sortHeroesByHealth","decl":{"start":{"line":1,"column":16},"end":{"line":1,"column":34}},"loc":{"start":{"line":1,"column":43},"end":{"line":3,"column":1}},"line":1},"1":{"name":"(anonymous_1)","decl":{"start":{"line":2,"column":26},"end":{"line":2,"column":27}},"loc":{"start":{"line":2,"column":36},"end":{"line":2,"column":55}},"line":2}},"branchMap":{},"s":{"0":4,"1":5},"f":{"0":4,"1":5},"b":{},"_coverageSchema":"1a1c01bbd47fc00a2c39e90264f33305004495a9","hash":"2489d1cd60c7bbd31aa3a61292864e0bc65bd225"}
}
